<?xml version="1.0" encoding="UTF-8"?>
<!-- Generated by org.testng.reporters.JUnitReportReporter -->
<testsuite hostname="WIN-SV7HGMAAKDV" name="com.qa.test.TestClassA" tests="1" failures="0" timestamp="18 Nov 2019 06:56:01 GMT" time="0.020" errors="0">
  <testcase name="testMethod" time="0.020" classname="com.qa.test.TestClassA"/>
</testsuite> <!-- com.qa.test.TestClassA -->
